<?xml version="1.0" encoding="UTF-8"?>
<testng-results ignored="0" total="2" passed="2" failed="0" skipped="0">
  <reporter-output>
  </reporter-output>
  <suite started-at="2022-06-06T12:29:47 PDT" name="Default suite" finished-at="2022-06-06T12:30:01 PDT" duration-ms="13867">
    <groups>
    </groups>
    <test started-at="2022-06-06T12:29:47 PDT" name="Default test" finished-at="2022-06-06T12:30:01 PDT" duration-ms="13867">
      <class name="ApachePOI.DataDrivenTestjun6">
        <test-method is-config="true" signature="setup()[pri:0, instance:ApachePOI.DataDrivenTestjun6@57c758ac]" started-at="2022-06-06T12:29:47 PDT" name="setup" finished-at="2022-06-06T12:29:53 PDT" duration-ms="5750" status="PASS">
          <reporter-output>
          </reporter-output>
        </test-method> <!-- setup -->
        <test-method signature="loginTest(java.lang.String,java.lang.String,java.lang.String)[pri:0, instance:ApachePOI.DataDrivenTestjun6@57c758ac]" started-at="2022-06-06T12:29:55 PDT" name="loginTest" data-provider="LoginData" finished-at="2022-06-06T12:29:59 PDT" duration-ms="4866" status="PASS">
          <params>
            <param index="0">
              <value>
                <![CDATA[admin@yourstore.com]]>
              </value>
            </param>
            <param index="1">
              <value>
                <![CDATA[admin]]>
              </value>
            </param>
            <param index="2">
              <value>
                <![CDATA[valid]]>
              </value>
            </param>
          </params>
          <reporter-output>
          </reporter-output>
        </test-method> <!-- loginTest -->
        <test-method signature="loginTest(java.lang.String,java.lang.String,java.lang.String)[pri:0, instance:ApachePOI.DataDrivenTestjun6@57c758ac]" started-at="2022-06-06T12:29:59 PDT" name="loginTest" data-provider="LoginData" finished-at="2022-06-06T12:30:01 PDT" duration-ms="1552" status="PASS">
          <params>
            <param index="0">
              <value>
                <![CDATA[admin@yourstore.com]]>
              </value>
            </param>
            <param index="1">
              <value>
                <![CDATA[adm]]>
              </value>
            </param>
            <param index="2">
              <value>
                <![CDATA[invalid]]>
              </value>
            </param>
          </params>
          <reporter-output>
          </reporter-output>
        </test-method> <!-- loginTest -->
        <test-method is-config="true" signature="tearDown()[pri:0, instance:ApachePOI.DataDrivenTestjun6@57c758ac]" started-at="2022-06-06T12:30:01 PDT" name="tearDown" finished-at="2022-06-06T12:30:01 PDT" duration-ms="327" status="PASS">
          <reporter-output>
          </reporter-output>
        </test-method> <!-- tearDown -->
      </class> <!-- ApachePOI.DataDrivenTestjun6 -->
    </test> <!-- Default test -->
  </suite> <!-- Default suite -->
</testng-results>
