<?xml version="1.0" encoding="UTF-8"?>
<testng-results ignored="0" total="1" passed="1" failed="0" skipped="0">
  <reporter-output>
  </reporter-output>
  <suite started-at="2022-06-06T14:55:29 PDT" name="Suite" finished-at="2022-06-06T14:55:38 PDT" duration-ms="9382">
    <groups>
    </groups>
    <test started-at="2022-06-06T14:55:29 PDT" name="Banking Test" finished-at="2022-06-06T14:55:38 PDT" duration-ms="9382">
      <class name="com.inetBanking.testCases.TC_LoginTest_1">
        <test-method is-config="true" signature="setup(java.lang.String)[pri:0, instance:com.inetBanking.testCases.TC_LoginTest_1@54c562f7]" started-at="2022-06-06T14:55:29 PDT" name="setup" finished-at="2022-06-06T14:55:35 PDT" duration-ms="5785" status="PASS">
          <params>
            <param index="0">
              <value>
                <![CDATA[chrome]]>
              </value>
            </param>
          </params>
          <reporter-output>
          </reporter-output>
        </test-method> <!-- setup -->
        <test-method signature="loginTest()[pri:0, instance:com.inetBanking.testCases.TC_LoginTest_1@54c562f7]" started-at="2022-06-06T14:55:35 PDT" name="loginTest" finished-at="2022-06-06T14:55:38 PDT" duration-ms="2985" status="PASS">
          <reporter-output>
          </reporter-output>
        </test-method> <!-- loginTest -->
        <test-method is-config="true" signature="teardown()[pri:0, instance:com.inetBanking.testCases.TC_LoginTest_1@54c562f7]" started-at="2022-06-06T14:55:38 PDT" name="teardown" finished-at="2022-06-06T14:55:38 PDT" duration-ms="239" status="PASS">
          <reporter-output>
          </reporter-output>
        </test-method> <!-- teardown -->
      </class> <!-- com.inetBanking.testCases.TC_LoginTest_1 -->
    </test> <!-- Banking Test -->
  </suite> <!-- Suite -->
</testng-results>
